2025-07-01 19:44:01 [INFO] __main__: Starting Science Downloader web application
2025-07-01 19:44:01 [INFO] __main__: Data directory: /Users/matiasrodlo/Documents/github/science-downloader/data
2025-07-01 19:44:01 [INFO] __main__: Version: 2.0.0
2025-07-01 19:44:01 [INFO] __main__: Using port: 5001
2025-07-01 19:58:59 [INFO] __main__: Starting Science Downloader web application
2025-07-01 19:58:59 [INFO] __main__: Data directory: /Users/matiasrodlo/Documents/github/science-downloader/data
2025-07-01 19:58:59 [INFO] __main__: Version: 2.0.0
2025-07-01 19:58:59 [INFO] __main__: Using port: 5000
2025-07-01 19:59:43 [WARNING] BibtexExtractor: Invalid DOI format: 10.1162/tacl\_a\_00300
2025-07-01 19:59:43 [WARNING] BibtexExtractor: Invalid DOI format: 10.1162/tacl\_a\_00343
2025-07-01 19:59:43 [WARNING] BibtexExtractor: Invalid DOI format: 10.1162/tacl\_a\_00290
2025-07-01 19:59:43 [WARNING] BibtexExtractor: Invalid DOI format: 10.1162/tacl\_a\_00288
2025-07-01 19:59:43 [WARNING] BibtexExtractor: Invalid DOI format: 10.1162/qss\_a\_00021
2025-07-01 19:59:43 [INFO] BibtexExtractor: Saved 983 DOIs to /Users/matiasrodlo/Documents/github/ai-open-access.txt
2025-07-01 19:59:43 [INFO] BibtexExtractor: Extraction summary saved to /Users/matiasrodlo/Documents/github/science-downloader/data/extraction_summary.json
2025-07-01 19:59:43 [INFO] BibtexExtractor: Extracted 983 unique DOIs from 983 total DOIs in BibTeX file
2025-07-01 20:00:45 [INFO] downloader.core.downloaders.openaccess: Starting download from /Users/matiasrodlo/Documents/github/science-downloader/data/uploads/ai-open-access.txt to /Users/matiasrodlo/Downloads/papers8
2025-07-01 20:00:51 [WARNING] downloader.core.downloaders.openaccess: Failed to download 10.1109/TPAMI.2016.2577031: CORE API request failed: 500 Server Error: Internal Server Error for url: https://api.core.ac.uk/v3/search/works/?q=doi%3A%2210.1109%2FTPAMI.2016.2577031%22&limit=1&apiKey=G3mnZJNEbDUPpz1weydfqv8uCOhIaxHt
2025-07-01 20:00:55 [WARNING] downloader.core.downloaders.openaccess: Failed to download 10.1109/CVPR.2017.243: CORE API request failed: 500 Server Error: Internal Server Error for url: https://api.core.ac.uk/v3/search/works/?q=doi%3A%2210.1109%2FCVPR.2017.243%22&limit=1&apiKey=G3mnZJNEbDUPpz1weydfqv8uCOhIaxHt
2025-07-01 20:00:58 [WARNING] downloader.core.downloaders.openaccess: Failed to download 10.1109/CVPR.2016.91: Paper not found in CORE database
2025-07-01 20:01:06 [WARNING] downloader.core.downloaders.openaccess: Failed to download 10.1109/CVPR.2017.106: Paper not found in CORE database
2025-07-01 20:01:10 [WARNING] downloader.core.downloaders.openaccess: Failed to download 10.1109/ICCV.2017.244: CORE API request failed: 429 Client Error: Too Many Requests for url: https://api.core.ac.uk/v3/search/works/?q=doi%3A%2210.1109%2FICCV.2017.244%22&limit=1&apiKey=G3mnZJNEbDUPpz1weydfqv8uCOhIaxHt
2025-07-01 20:01:13 [WARNING] downloader.core.downloaders.openaccess: Failed to download 10.1109/CVPR.2017.632: CORE API request failed: 429 Client Error: Too Many Requests for url: https://api.core.ac.uk/v3/search/works?q=doi%3A%2210.1109%2FCVPR.2017.632%22&limit=1&apiKey=G3mnZJNEbDUPpz1weydfqv8uCOhIaxHt
2025-07-01 20:01:17 [WARNING] downloader.core.downloaders.openaccess: Failed to download 10.1016/j.neunet.2014.09.003: CORE API request failed: 429 Client Error: Too Many Requests for url: https://api.core.ac.uk/v3/search/works?q=doi%3A%2210.1016%2Fj.neunet.2014.09.003%22&limit=1&apiKey=G3mnZJNEbDUPpz1weydfqv8uCOhIaxHt
2025-07-01 20:01:20 [WARNING] downloader.core.downloaders.openaccess: Failed to download 10.1109/ICCV.2017.324: CORE API request failed: 429 Client Error: Too Many Requests for url: https://api.core.ac.uk/v3/search/works?q=doi%3A%2210.1109%2FICCV.2017.324%22&limit=1&apiKey=G3mnZJNEbDUPpz1weydfqv8uCOhIaxHt
2025-07-01 20:01:24 [WARNING] downloader.core.downloaders.openaccess: Failed to download 10.1109/ICCV.2017.74: CORE API request failed: 429 Client Error: Too Many Requests for url: https://api.core.ac.uk/v3/search/works?q=doi%3A%2210.1109%2FICCV.2017.74%22&limit=1&apiKey=G3mnZJNEbDUPpz1weydfqv8uCOhIaxHt
2025-07-01 20:01:27 [WARNING] downloader.core.downloaders.openaccess: Failed to download 10.1109/CVPR.2017.634: CORE API request failed: 429 Client Error: Too Many Requests for url: https://api.core.ac.uk/v3/search/works?q=doi%3A%2210.1109%2FCVPR.2017.634%22&limit=1&apiKey=G3mnZJNEbDUPpz1weydfqv8uCOhIaxHt
2025-07-01 20:01:30 [WARNING] downloader.core.downloaders.openaccess: Failed to download 10.1109/CVPR.2017.690: CORE API request failed: 429 Client Error: Too Many Requests for url: https://api.core.ac.uk/v3/search/works?q=doi%3A%2210.1109%2FCVPR.2017.690%22&limit=1&apiKey=G3mnZJNEbDUPpz1weydfqv8uCOhIaxHt
2025-07-01 20:01:34 [WARNING] downloader.core.downloaders.openaccess: Failed to download 10.1007/s11263-019-01228-7: CORE API request failed: 429 Client Error: Too Many Requests for url: https://api.core.ac.uk/v3/search/works?q=doi%3A%2210.1007%2Fs11263-019-01228-7%22&limit=1&apiKey=G3mnZJNEbDUPpz1weydfqv8uCOhIaxHt
2025-07-01 20:01:37 [WARNING] downloader.core.downloaders.openaccess: Failed to download 10.1016/S0140-6736(20)30752-2: CORE API request failed: 429 Client Error: Too Many Requests for url: https://api.core.ac.uk/v3/search/works?q=doi%3A%2210.1016%2FS0140-6736%2820%2930752-2%22&limit=1&apiKey=G3mnZJNEbDUPpz1weydfqv8uCOhIaxHt
2025-07-01 20:01:40 [WARNING] downloader.core.downloaders.openaccess: Failed to download 10.1109/CVPR.2018.00068: CORE API request failed: 429 Client Error: Too Many Requests for url: https://api.core.ac.uk/v3/search/works?q=doi%3A%2210.1109%2FCVPR.2018.00068%22&limit=1&apiKey=G3mnZJNEbDUPpz1weydfqv8uCOhIaxHt
2025-07-01 20:01:44 [WARNING] downloader.core.downloaders.openaccess: Failed to download 10.1016/S0140-6736(18)32279-7: CORE API request failed: 429 Client Error: Too Many Requests for url: https://api.core.ac.uk/v3/search/works?q=doi%3A%2210.1016%2FS0140-6736%2818%2932279-7%22&limit=1&apiKey=G3mnZJNEbDUPpz1weydfqv8uCOhIaxHt
2025-07-01 20:01:47 [WARNING] downloader.core.downloaders.openaccess: Failed to download 10.1109/ICCV.2015.510: CORE API request failed: 429 Client Error: Too Many Requests for url: https://api.core.ac.uk/v3/search/works?q=doi%3A%2210.1109%2FICCV.2015.510%22&limit=1&apiKey=G3mnZJNEbDUPpz1weydfqv8uCOhIaxHt
2025-07-01 20:01:51 [WARNING] downloader.core.downloaders.openaccess: Failed to download 10.1109/CVPR.2018.00813: CORE API request failed: 429 Client Error: Too Many Requests for url: https://api.core.ac.uk/v3/search/works?q=doi%3A%2210.1109%2FCVPR.2018.00813%22&limit=1&apiKey=G3mnZJNEbDUPpz1weydfqv8uCOhIaxHt
2025-07-01 20:01:54 [WARNING] downloader.core.downloaders.openaccess: Failed to download 10.1016/S0140-6736(18)32203-7: CORE API request failed: 429 Client Error: Too Many Requests for url: https://api.core.ac.uk/v3/search/works?q=doi%3A%2210.1016%2FS0140-6736%2818%2932203-7%22&limit=1&apiKey=G3mnZJNEbDUPpz1weydfqv8uCOhIaxHt
2025-07-01 20:01:57 [WARNING] downloader.core.downloaders.openaccess: Failed to download 10.1109/CVPR42600.2020.00975: CORE API request failed: 429 Client Error: Too Many Requests for url: https://api.core.ac.uk/v3/search/works?q=doi%3A%2210.1109%2FCVPR42600.2020.00975%22&limit=1&apiKey=G3mnZJNEbDUPpz1weydfqv8uCOhIaxHt
2025-07-01 20:02:01 [WARNING] downloader.core.downloaders.openaccess: Failed to download 10.1016/j.cell.2017.09.021: CORE API request failed: 429 Client Error: Too Many Requests for url: https://api.core.ac.uk/v3/search/works?q=doi%3A%2210.1016%2Fj.cell.2017.09.021%22&limit=1&apiKey=G3mnZJNEbDUPpz1weydfqv8uCOhIaxHt
2025-07-01 20:02:05 [WARNING] downloader.core.downloaders.openaccess: Failed to download 10.1038/s41586-019-1666-5: CORE API request failed: 429 Client Error: Too Many Requests for url: https://api.core.ac.uk/v3/search/works?q=doi%3A%2210.1038%2Fs41586-019-1666-5%22&limit=1&apiKey=G3mnZJNEbDUPpz1weydfqv8uCOhIaxHt
2025-07-01 20:02:46 [INFO] __main__: Starting Science Downloader web application
2025-07-01 20:02:46 [INFO] __main__: Data directory: /Users/matiasrodlo/Documents/github/science-downloader/data
2025-07-01 20:02:46 [INFO] __main__: Version: 2.0.0
2025-07-01 20:02:46 [INFO] __main__: Using port: 5000
2025-07-01 20:04:43 [INFO] __main__: Starting Science Downloader web application
2025-07-01 20:04:43 [INFO] __main__: Data directory: /Users/matiasrodlo/Documents/github/science-downloader/data
2025-07-01 20:04:43 [INFO] __main__: Version: 2.0.0
2025-07-01 20:04:43 [INFO] __main__: Using port: 5000
2025-07-01 20:05:24 [INFO] downloader.core.downloaders.openaccess: Starting download from /Users/matiasrodlo/Documents/github/science-downloader/data/uploads/ai-open-access.txt to /Users/matiasrodlo/Downloads/papers-open
2025-07-01 20:05:25 [WARNING] downloader.core.downloaders.openaccess: Failed to download 10.1109/TPAMI.2016.2577031: Paper not found in CORE database
2025-07-01 20:05:34 [WARNING] downloader.core.downloaders.openaccess: Failed to download 10.1109/CVPR.2017.243: Paper not found in CORE database
2025-07-01 20:05:43 [WARNING] downloader.core.downloaders.openaccess: Failed to download 10.1109/CVPR.2016.91: Paper not found in CORE database
2025-07-01 20:05:54 [WARNING] downloader.core.downloaders.openaccess: Failed to download 10.1109/CVPR.2017.106: Paper not found in CORE database
2025-07-01 20:06:04 [WARNING] downloader.core.downloaders.openaccess: Rate limit hit for 10.1109/ICCV.2017.244, waiting 10s before retry 1
2025-07-01 20:06:15 [WARNING] downloader.core.downloaders.openaccess: Rate limit hit for 10.1109/ICCV.2017.244, waiting 20s before retry 2
2025-07-01 20:06:35 [WARNING] downloader.core.downloaders.openaccess: Rate limit hit for 10.1109/ICCV.2017.244, waiting 40s before retry 3
2025-07-01 20:07:17 [WARNING] downloader.core.downloaders.openaccess: Failed to download 10.1109/ICCV.2017.244: Paper not found in CORE database
2025-07-01 20:07:26 [WARNING] downloader.core.downloaders.openaccess: Failed to download 10.1109/CVPR.2017.632: Paper not found in CORE database
2025-07-01 20:07:40 [WARNING] downloader.core.downloaders.openaccess: Server error for 10.1016/j.neunet.2014.09.003, waiting 5s before retry 1
2025-07-01 20:07:48 [INFO] downloader.core.downloaders.openaccess: Downloaded: 10.1016/j.neunet.2014.09.003
2025-07-01 20:07:59 [WARNING] downloader.core.downloaders.openaccess: Rate limit hit for 10.1109/ICCV.2017.324, waiting 10s before retry 1
2025-07-01 20:08:10 [WARNING] downloader.core.downloaders.openaccess: Rate limit hit for 10.1109/ICCV.2017.324, waiting 20s before retry 2
2025-07-01 20:08:30 [WARNING] downloader.core.downloaders.openaccess: Rate limit hit for 10.1109/ICCV.2017.324, waiting 40s before retry 3
2025-07-01 20:09:12 [WARNING] downloader.core.downloaders.openaccess: Failed to download 10.1109/ICCV.2017.324: Paper not found in CORE database
2025-07-01 20:09:21 [WARNING] downloader.core.downloaders.openaccess: Server error for 10.1109/ICCV.2017.74, waiting 5s before retry 1
2025-07-01 20:09:31 [WARNING] downloader.core.downloaders.openaccess: Failed to download 10.1109/ICCV.2017.74: Paper not found in CORE database
2025-07-01 20:09:48 [WARNING] downloader.core.downloaders.openaccess: Server error for 10.1109/CVPR.2017.634, waiting 5s before retry 1
2025-07-01 20:09:56 [WARNING] downloader.core.downloaders.openaccess: Rate limit hit for 10.1109/CVPR.2017.634, waiting 20s before retry 2
2025-07-01 20:10:17 [WARNING] downloader.core.downloaders.openaccess: Rate limit hit for 10.1109/CVPR.2017.634, waiting 40s before retry 3
2025-07-01 20:10:59 [WARNING] downloader.core.downloaders.openaccess: Failed to download 10.1109/CVPR.2017.634: Server error after 3 retries
2025-07-01 20:11:08 [WARNING] downloader.core.downloaders.openaccess: Failed to download 10.1109/CVPR.2017.690: Paper not found in CORE database
2025-07-01 20:11:20 [INFO] downloader.core.downloaders.openaccess: Downloaded: 10.1007/s11263-019-01228-7
2025-07-01 20:11:29 [WARNING] downloader.core.downloaders.openaccess: Failed to download 10.1016/S0140-6736(20)30752-2: Paper not found in CORE database
2025-07-01 20:11:38 [WARNING] downloader.core.downloaders.openaccess: Rate limit hit for 10.1109/CVPR.2018.00068, waiting 10s before retry 1
2025-07-01 20:11:48 [WARNING] downloader.core.downloaders.openaccess: Rate limit hit for 10.1109/CVPR.2018.00068, waiting 20s before retry 2
2025-07-01 20:12:09 [WARNING] downloader.core.downloaders.openaccess: Rate limit hit for 10.1109/CVPR.2018.00068, waiting 40s before retry 3
2025-07-01 20:12:50 [WARNING] downloader.core.downloaders.openaccess: Failed to download 10.1109/CVPR.2018.00068: Paper not found in CORE database
2025-07-01 20:13:03 [WARNING] downloader.core.downloaders.openaccess: Failed to download 10.1016/S0140-6736(18)32279-7: Paper not found in CORE database
2025-07-01 20:13:15 [WARNING] downloader.core.downloaders.openaccess: Failed to download 10.1109/ICCV.2015.510: Paper not found in CORE database
2025-07-01 20:13:28 [WARNING] downloader.core.downloaders.openaccess: Failed to download 10.1109/CVPR.2018.00813: Paper not found in CORE database
2025-07-01 20:13:37 [WARNING] downloader.core.downloaders.openaccess: Rate limit hit for 10.1016/S0140-6736(18)32203-7, waiting 10s before retry 1
2025-07-01 20:13:48 [WARNING] downloader.core.downloaders.openaccess: Rate limit hit for 10.1016/S0140-6736(18)32203-7, waiting 20s before retry 2
2025-07-01 20:14:08 [WARNING] downloader.core.downloaders.openaccess: Rate limit hit for 10.1016/S0140-6736(18)32203-7, waiting 40s before retry 3
2025-07-01 20:14:49 [WARNING] downloader.core.downloaders.openaccess: Failed to download 10.1016/S0140-6736(18)32203-7: Paper not found in CORE database
2025-07-01 20:15:01 [WARNING] downloader.core.downloaders.openaccess: Failed to download 10.1109/CVPR42600.2020.00975: Paper not found in CORE database
2025-07-01 20:15:14 [WARNING] downloader.core.downloaders.openaccess: Failed to download 10.1016/j.cell.2017.09.021: Paper found but no downloadable PDF available
2025-07-01 20:15:25 [WARNING] downloader.core.downloaders.openaccess: Failed to download 10.1038/s41586-019-1666-5: Paper found but no downloadable PDF available
2025-07-01 20:15:34 [WARNING] downloader.core.downloaders.openaccess: Rate limit hit for 10.1038/nature13480, waiting 10s before retry 1
2025-07-01 20:15:45 [WARNING] downloader.core.downloaders.openaccess: Rate limit hit for 10.1038/nature13480, waiting 20s before retry 2
2025-07-01 20:16:05 [WARNING] downloader.core.downloaders.openaccess: Rate limit hit for 10.1038/nature13480, waiting 40s before retry 3
2025-07-01 20:16:49 [INFO] downloader.core.downloaders.openaccess: Downloaded: 10.1038/nature13480
2025-07-01 20:17:02 [INFO] downloader.core.downloaders.openaccess: Downloaded: 10.1016/j.inffus.2019.12.012
2025-07-01 20:17:11 [WARNING] downloader.core.downloaders.openaccess: Failed to download 10.1145/3326362: Paper found but no downloadable PDF available
2025-07-01 20:17:24 [INFO] downloader.core.downloaders.openaccess: Downloaded: 10.1038/s42256-019-0048-x
2025-07-01 20:17:37 [WARNING] downloader.core.downloaders.openaccess: Rate limit hit for 10.1038/s42256-019-0138-9, waiting 10s before retry 1
2025-07-01 20:17:48 [WARNING] downloader.core.downloaders.openaccess: Rate limit hit for 10.1038/s42256-019-0138-9, waiting 20s before retry 2
2025-07-01 20:18:09 [WARNING] downloader.core.downloaders.openaccess: Rate limit hit for 10.1038/s42256-019-0138-9, waiting 40s before retry 3
2025-07-01 20:18:52 [INFO] downloader.core.downloaders.openaccess: Downloaded: 10.1038/s42256-019-0138-9
2025-07-01 20:19:01 [WARNING] downloader.core.downloaders.openaccess: Failed to download 10.3115/v1/p14-5010: Paper found but no downloadable PDF available
2025-07-01 20:19:14 [WARNING] downloader.core.downloaders.openaccess: Failed to download 10.1158/0008-5472.CAN-17-0339: Paper not found in CORE database
2025-07-01 20:19:23 [WARNING] downloader.core.downloaders.openaccess: Failed to download 10.1016/S0140-6736(18)32225-6: Paper not found in CORE database
2025-07-01 20:19:33 [WARNING] downloader.core.downloaders.openaccess: Rate limit hit for 10.1016/S0140-6736(16)31012-1, waiting 10s before retry 1
2025-07-01 20:19:44 [WARNING] downloader.core.downloaders.openaccess: Rate limit hit for 10.1016/S0140-6736(16)31012-1, waiting 20s before retry 2
2025-07-01 20:20:04 [WARNING] downloader.core.downloaders.openaccess: Rate limit hit for 10.1016/S0140-6736(16)31012-1, waiting 40s before retry 3
2025-07-01 20:20:46 [WARNING] downloader.core.downloaders.openaccess: Failed to download 10.1016/S0140-6736(16)31012-1: Paper not found in CORE database
2025-07-01 20:20:56 [WARNING] downloader.core.downloaders.openaccess: Failed to download 10.1016/j.immuni.2019.08.004: Paper found but no downloadable PDF available
2025-07-01 20:21:07 [WARNING] downloader.core.downloaders.openaccess: Server error for 10.1016/S1474-4422(19)30034-1, waiting 5s before retry 1
2025-07-01 20:21:13 [WARNING] downloader.core.downloaders.openaccess: Failed to download 10.1016/S1474-4422(19)30034-1: Paper not found in CORE database
2025-07-01 20:21:22 [INFO] downloader.core.downloaders.openaccess: Download stop requested
2025-07-01 20:21:27 [WARNING] downloader.core.downloaders.openaccess: Rate limit hit for 10.1109/ICCV.2019.00612, waiting 10s before retry 1
2025-07-01 20:21:37 [WARNING] downloader.core.downloaders.openaccess: Rate limit hit for 10.1109/ICCV.2019.00612, waiting 20s before retry 2
2025-07-01 20:21:58 [WARNING] downloader.core.downloaders.openaccess: Rate limit hit for 10.1109/ICCV.2019.00612, waiting 40s before retry 3
2025-07-01 20:22:43 [WARNING] downloader.core.downloaders.openaccess: Failed to download 10.1109/ICCV.2019.00612: Paper not found in CORE database
2025-07-01 20:22:43 [INFO] downloader.core.downloaders.openaccess: Download completed: {'success': True, 'total_requested': 983, 'downloaded': 6, 'failed': 27, 'skipped': 0}
2025-07-01 20:22:43 [INFO] downloader.web.routes.download: Download completed: {'success': True, 'total_requested': 983, 'downloaded': 6, 'failed': 27, 'skipped': 0}
2025-07-01 20:23:26 [INFO] downloader.core.downloaders.openaccess: Starting download from /Users/matiasrodlo/Documents/github/science-downloader/data/uploads/final_clean_dois.txt to /Users/matiasrodlo/Downloads/papers-open-dois
2025-07-01 20:23:27 [WARNING] downloader.core.downloaders.openaccess: Failed to download 10.10007/s11217-008-9122-2: Paper not found in CORE database
2025-07-01 20:23:39 [WARNING] downloader.core.downloaders.openaccess: Server error for 10.1001/2013.jamainternmed.30, waiting 5s before retry 1
2025-07-01 20:23:45 [WARNING] downloader.core.downloaders.openaccess: Failed to download 10.1001/2013.jamainternmed.30: Paper found but no downloadable PDF available
2025-07-01 20:23:56 [WARNING] downloader.core.downloaders.openaccess: Rate limit hit for 10.1001/2013.jamainternmed.987n68, waiting 10s before retry 1
2025-07-01 20:24:06 [WARNING] downloader.core.downloaders.openaccess: Rate limit hit for 10.1001/2013.jamainternmed.987n68, waiting 20s before retry 2
2025-07-01 20:24:27 [WARNING] downloader.core.downloaders.openaccess: Rate limit hit for 10.1001/2013.jamainternmed.987n68, waiting 40s before retry 3
2025-07-01 20:25:10 [WARNING] downloader.core.downloaders.openaccess: Failed to download 10.1001/2013.jamainternmed.987n68: Server error after 3 retries
2025-07-01 20:25:19 [WARNING] downloader.core.downloaders.openaccess: Failed to download 10.1001/2013.njamainternmed.56: Paper not found in CORE database
2025-07-01 20:25:30 [WARNING] downloader.core.downloaders.openaccess: Server error for 10.1001/arch-ninternmed.2009.494nLowe, waiting 5s before retry 1
2025-07-01 20:25:39 [WARNING] downloader.core.downloaders.openaccess: Server error for 10.1001/arch-ninternmed.2009.494nLowe, waiting 5s before retry 2
2025-07-01 20:25:47 [WARNING] downloader.core.downloaders.openaccess: Rate limit hit for 10.1001/arch-ninternmed.2009.494nLowe, waiting 40s before retry 3
2025-07-01 20:26:28 [WARNING] downloader.core.downloaders.openaccess: Failed to download 10.1001/arch-ninternmed.2009.494nLowe: Rate limit exceeded after 3 retries
2025-07-01 20:26:37 [WARNING] downloader.core.downloaders.openaccess: Rate limit hit for 10.1001/archderm.140.6.667, waiting 10s before retry 1
2025-07-01 20:26:52 [WARNING] downloader.core.downloaders.openaccess: Failed to download 10.1001/archderm.140.6.667: Paper found but no downloadable PDF available
2025-07-01 20:27:01 [WARNING] downloader.core.downloaders.openaccess: Failed to download 10.1001/archdermatol.2011.272n39: Paper not found in CORE database
2025-07-01 20:27:11 [WARNING] downloader.core.downloaders.openaccess: Server error for 10.1001/archgenpsychiatry.2011.2016nSchmidt, waiting 5s before retry 1
2025-07-01 20:27:16 [WARNING] downloader.core.downloaders.openaccess: Failed to download 10.1001/archgenpsychiatry.2011.2016nSchmidt: Paper not found in CORE database
2025-07-01 20:27:25 [WARNING] downloader.core.downloaders.openaccess: Rate limit hit for 10.1001/archinte.160.11.1621n88, waiting 10s before retry 1
2025-07-01 20:27:36 [WARNING] downloader.core.downloaders.openaccess: Rate limit hit for 10.1001/archinte.160.11.1621n88, waiting 20s before retry 2
2025-07-01 20:27:58 [INFO] __main__: Starting Science Downloader web application
2025-07-01 20:27:58 [INFO] __main__: Data directory: /Users/matiasrodlo/Documents/github/science-downloader/data
2025-07-01 20:27:58 [INFO] __main__: Version: 2.0.0
2025-07-01 20:27:58 [INFO] __main__: Using port: 5000
2025-07-01 20:28:44 [INFO] downloader.core.downloaders.openaccess: Starting download from /Users/matiasrodlo/Documents/github/science-downloader/data/uploads/final_clean_dois.txt to /Users/matiasrodlo/Downloads/papers
2025-07-01 20:28:45 [WARNING] downloader.core.downloaders.openaccess: Failed to download 10.10007/s11217-008-9122-2: Paper not found in CORE database
2025-07-01 20:28:47 [INFO] downloader.core.downloaders.openaccess: Download stop requested
2025-07-01 20:28:52 [INFO] downloader.core.downloaders.openaccess: Starting download from /Users/matiasrodlo/Documents/github/science-downloader/data/uploads/final_clean_dois.txt to /Users/matiasrodlo/Downloads/papers-11
2025-07-01 20:28:53 [INFO] downloader.core.downloaders.openaccess: Download completed: {'success': True, 'total_requested': 58477, 'downloaded': 0, 'failed': 1, 'skipped': 0}
2025-07-01 20:28:53 [INFO] downloader.web.routes.download: Download completed: {'success': True, 'total_requested': 58477, 'downloaded': 0, 'failed': 1, 'skipped': 0}
2025-07-01 20:28:54 [WARNING] downloader.core.downloaders.openaccess: Failed to download 10.10007/s11217-008-9122-2: Paper not found in CORE database
2025-07-01 20:29:03 [WARNING] downloader.core.downloaders.openaccess: Failed to download 10.1001/2013.jamainternmed.30: Paper found but no downloadable PDF available
2025-07-01 20:29:12 [WARNING] downloader.core.downloaders.openaccess: Failed to download 10.1001/2013.jamainternmed.987n68: Paper not found in CORE database
2025-07-01 20:29:22 [WARNING] downloader.core.downloaders.openaccess: Rate limit hit for 10.1001/2013.njamainternmed.56, waiting 10s before retry 1
2025-07-01 20:29:33 [WARNING] downloader.core.downloaders.openaccess: Rate limit hit for 10.1001/2013.njamainternmed.56, waiting 20s before retry 2
2025-07-01 20:29:54 [WARNING] downloader.core.downloaders.openaccess: Rate limit hit for 10.1001/2013.njamainternmed.56, waiting 40s before retry 3
2025-07-01 20:30:34 [WARNING] downloader.core.downloaders.openaccess: Failed to download 10.1001/2013.njamainternmed.56: Paper not found in CORE database
2025-07-01 20:30:44 [WARNING] downloader.core.downloaders.openaccess: Failed to download 10.1001/arch-ninternmed.2009.494nLowe: Paper not found in CORE database
2025-07-01 20:30:53 [WARNING] downloader.core.downloaders.openaccess: Failed to download 10.1001/archderm.140.6.667: Paper found but no downloadable PDF available
2025-07-01 20:31:04 [WARNING] downloader.core.downloaders.openaccess: Server error for 10.1001/archdermatol.2011.272n39, waiting 5s before retry 1
2025-07-01 20:31:16 [WARNING] downloader.core.downloaders.openaccess: Rate limit hit for 10.1001/archdermatol.2011.272n39, waiting 20s before retry 2
2025-07-01 20:31:37 [WARNING] downloader.core.downloaders.openaccess: Rate limit hit for 10.1001/archdermatol.2011.272n39, waiting 40s before retry 3
2025-07-01 20:32:18 [WARNING] downloader.core.downloaders.openaccess: Failed to download 10.1001/archdermatol.2011.272n39: Paper not found in CORE database
2025-07-01 20:32:27 [WARNING] downloader.core.downloaders.openaccess: Failed to download 10.1001/archgenpsychiatry.2011.2016nSchmidt: Paper not found in CORE database
2025-07-01 20:32:37 [WARNING] downloader.core.downloaders.openaccess: Failed to download 10.1001/archinte.160.11.1621n88: Paper not found in CORE database
2025-07-01 20:32:46 [WARNING] downloader.core.downloaders.openaccess: Server error for 10.1001/archinte.160.13.1947, waiting 5s before retry 1
2025-07-01 20:32:54 [WARNING] downloader.core.downloaders.openaccess: Rate limit hit for 10.1001/archinte.160.13.1947, waiting 20s before retry 2
2025-07-01 20:33:15 [WARNING] downloader.core.downloaders.openaccess: Rate limit hit for 10.1001/archinte.160.13.1947, waiting 40s before retry 3
2025-07-01 20:33:57 [WARNING] downloader.core.downloaders.openaccess: Failed to download 10.1001/archinte.160.13.1947: Paper found but no downloadable PDF available
2025-07-01 20:34:10 [WARNING] downloader.core.downloaders.openaccess: Failed to download 10.1001/archinte.160.14.2089n77: Paper not found in CORE database
2025-07-01 20:34:22 [WARNING] downloader.core.downloaders.openaccess: Server error for 10.1001/archinte.160.14.2150, waiting 5s before retry 1
2025-07-01 20:34:28 [WARNING] downloader.core.downloaders.openaccess: Failed to download 10.1001/archinte.160.14.2150: Paper found but no downloadable PDF available
2025-07-01 20:34:41 [WARNING] downloader.core.downloaders.openaccess: Rate limit hit for 10.1001/archinte.160.15.2343n145, waiting 10s before retry 1
2025-07-01 20:34:52 [WARNING] downloader.core.downloaders.openaccess: Rate limit hit for 10.1001/archinte.160.15.2343n145, waiting 20s before retry 2
2025-07-01 20:35:13 [WARNING] downloader.core.downloaders.openaccess: Rate limit hit for 10.1001/archinte.160.15.2343n145, waiting 40s before retry 3
2025-07-01 20:35:54 [WARNING] downloader.core.downloaders.openaccess: Failed to download 10.1001/archinte.160.15.2343n145: Paper not found in CORE database
2025-07-01 20:36:03 [WARNING] downloader.core.downloaders.openaccess: Failed to download 10.1001/archinte.160.21.3294: Paper not found in CORE database
2025-07-01 20:36:12 [WARNING] downloader.core.downloaders.openaccess: Failed to download 10.1001/archinte.160.7.989Journals: Paper not found in CORE database
2025-07-01 20:36:21 [WARNING] downloader.core.downloaders.openaccess: Failed to download 10.1001/archinte.162.12.1361: Paper found but no downloadable PDF available
2025-07-01 20:36:30 [WARNING] downloader.core.downloaders.openaccess: Rate limit hit for 10.1001/archinte.163.21.2639n69, waiting 10s before retry 1
2025-07-01 20:36:41 [WARNING] downloader.core.downloaders.openaccess: Rate limit hit for 10.1001/archinte.163.21.2639n69, waiting 20s before retry 2
2025-07-01 20:37:01 [WARNING] downloader.core.downloaders.openaccess: Rate limit hit for 10.1001/archinte.163.21.2639n69, waiting 40s before retry 3
2025-07-01 20:37:44 [WARNING] downloader.core.downloaders.openaccess: Failed to download 10.1001/archinte.163.21.2639n69: Server error after 3 retries
2025-07-01 20:37:54 [WARNING] downloader.core.downloaders.openaccess: Failed to download 10.1001/archinte.163.9.1009nCox: Paper not found in CORE database
2025-07-01 20:38:03 [WARNING] downloader.core.downloaders.openaccess: Failed to download 10.1001/archinte.165.10.1133: Paper found but no downloadable PDF available
2025-07-01 20:38:13 [WARNING] downloader.core.downloaders.openaccess: Failed to download 10.1001/archinte.165.16.1819n30: Paper not found in CORE database
2025-07-01 20:38:24 [WARNING] downloader.core.downloaders.openaccess: Rate limit hit for 10.1001/archinte.165.9.1035, waiting 10s before retry 1
2025-07-01 20:38:35 [WARNING] downloader.core.downloaders.openaccess: Rate limit hit for 10.1001/archinte.165.9.1035, waiting 20s before retry 2
2025-07-01 20:38:55 [WARNING] downloader.core.downloaders.openaccess: Rate limit hit for 10.1001/archinte.165.9.1035, waiting 40s before retry 3
2025-07-01 20:39:36 [WARNING] downloader.core.downloaders.openaccess: Failed to download 10.1001/archinte.165.9.1035: Paper found but no downloadable PDF available
2025-07-01 20:39:45 [WARNING] downloader.core.downloaders.openaccess: Failed to download 10.1001/archinte.166.15.1585n68: Paper not found in CORE database
2025-07-01 20:39:54 [WARNING] downloader.core.downloaders.openaccess: Failed to download 10.1001/archinte.166.15.1605n72: Paper not found in CORE database
2025-07-01 20:40:04 [WARNING] downloader.core.downloaders.openaccess: Failed to download 10.1001/archinte.166.8.860: Paper not found in CORE database
2025-07-01 20:40:14 [WARNING] downloader.core.downloaders.openaccess: Rate limit hit for 10.1001/archinte.167.15.1629n51, waiting 10s before retry 1
2025-07-01 20:40:24 [WARNING] downloader.core.downloaders.openaccess: Rate limit hit for 10.1001/archinte.167.15.1629n51, waiting 20s before retry 2
2025-07-01 20:40:45 [WARNING] downloader.core.downloaders.openaccess: Rate limit hit for 10.1001/archinte.167.15.1629n51, waiting 40s before retry 3
2025-07-01 20:41:27 [WARNING] downloader.core.downloaders.openaccess: Failed to download 10.1001/archinte.167.15.1629n51: Server error after 3 retries
2025-07-01 20:41:38 [WARNING] downloader.core.downloaders.openaccess: Failed to download 10.1001/archinte.167.16.1730: Paper not found in CORE database
2025-07-01 20:41:51 [WARNING] downloader.core.downloaders.openaccess: Server error for 10.1001/archinte.168.13.1416, waiting 5s before retry 1
2025-07-01 20:41:58 [WARNING] downloader.core.downloaders.openaccess: Server error for 10.1001/archinte.168.13.1416, waiting 5s before retry 2
2025-07-01 20:42:05 [WARNING] downloader.core.downloaders.openaccess: Rate limit hit for 10.1001/archinte.168.13.1416, waiting 40s before retry 3
2025-07-01 20:42:45 [WARNING] downloader.core.downloaders.openaccess: Failed to download 10.1001/archinte.168.13.1416: Rate limit exceeded after 3 retries
2025-07-01 20:42:54 [WARNING] downloader.core.downloaders.openaccess: Rate limit hit for 10.1001/archinte.168.15.1629, waiting 10s before retry 1
2025-07-01 20:43:05 [WARNING] downloader.core.downloaders.openaccess: Failed to download 10.1001/archinte.168.15.1629: Paper found but no downloadable PDF available
2025-07-01 20:43:17 [WARNING] downloader.core.downloaders.openaccess: Failed to download 10.1001/archinte.169.4.379nLeroy: Paper not found in CORE database
2025-07-01 20:43:26 [WARNING] downloader.core.downloaders.openaccess: Failed to download 10.1001/archinte.1981.00340090021007n87: Paper not found in CORE database
2025-07-01 20:43:35 [WARNING] downloader.core.downloaders.openaccess: Failed to download 10.1001/archinte.1988.00380080024009: Paper found but no downloadable PDF available
2025-07-01 20:43:45 [WARNING] downloader.core.downloaders.openaccess: Rate limit hit for 10.1001/archinte.1989.00390120085017n89, waiting 10s before retry 1
2025-07-01 20:43:55 [WARNING] downloader.core.downloaders.openaccess: Rate limit hit for 10.1001/archinte.1989.00390120085017n89, waiting 20s before retry 2
2025-07-01 20:44:16 [WARNING] downloader.core.downloaders.openaccess: Rate limit hit for 10.1001/archinte.1989.00390120085017n89, waiting 40s before retry 3
2025-07-01 20:44:57 [WARNING] downloader.core.downloaders.openaccess: Failed to download 10.1001/archinte.1989.00390120085017n89: Paper not found in CORE database
2025-07-01 20:45:08 [WARNING] downloader.core.downloaders.openaccess: Failed to download 10.1001/archinte.1990.00390230083011: Paper found but no downloadable PDF available
2025-07-01 20:45:22 [WARNING] downloader.core.downloaders.openaccess: Failed to download 10.1001/archinte.1996.00440150095011: Paper found but no downloadable PDF available
2025-07-01 20:45:32 [WARNING] downloader.core.downloaders.openaccess: Failed to download 10.1001/archinte.1996.00440210083008n22: Paper not found in CORE database
2025-07-01 20:45:41 [WARNING] downloader.core.downloaders.openaccess: Rate limit hit for 10.1001/archinternmed.2007.12n73, waiting 10s before retry 1
2025-07-01 20:45:52 [WARNING] downloader.core.downloaders.openaccess: Rate limit hit for 10.1001/archinternmed.2007.12n73, waiting 20s before retry 2
2025-07-01 20:46:12 [WARNING] downloader.core.downloaders.openaccess: Rate limit hit for 10.1001/archinternmed.2007.12n73, waiting 40s before retry 3
2025-07-01 20:46:53 [WARNING] downloader.core.downloaders.openaccess: Failed to download 10.1001/archinternmed.2007.12n73: Paper not found in CORE database
2025-07-01 20:47:04 [WARNING] downloader.core.downloaders.openaccess: Server error for 10.1001/archinternmed.2007.77nAGE, waiting 5s before retry 1
2025-07-01 20:47:17 [WARNING] downloader.core.downloaders.openaccess: Server error for 10.1001/archinternmed.2007.77nAGE, waiting 5s before retry 2
2025-07-01 20:47:28 [WARNING] downloader.core.downloaders.openaccess: Server error for 10.1001/archinternmed.2007.77nAGE, waiting 5s before retry 3
2025-07-01 20:47:36 [WARNING] downloader.core.downloaders.openaccess: Failed to download 10.1001/archinternmed.2007.77nAGE: Rate limit exceeded after 3 retries
2025-07-01 20:47:44 [WARNING] downloader.core.downloaders.openaccess: Rate limit hit for 10.1001/archinternmed.2008.540n60, waiting 10s before retry 1
2025-07-01 20:47:55 [WARNING] downloader.core.downloaders.openaccess: Rate limit hit for 10.1001/archinternmed.2008.540n60, waiting 20s before retry 2
2025-07-01 20:48:16 [WARNING] downloader.core.downloaders.openaccess: Rate limit hit for 10.1001/archinternmed.2008.540n60, waiting 40s before retry 3
2025-07-01 20:49:02 [WARNING] downloader.core.downloaders.openaccess: Failed to download 10.1001/archinternmed.2008.540n60: Paper not found in CORE database
2025-07-01 20:49:15 [WARNING] downloader.core.downloaders.openaccess: Server error for 10.1001/archinternmed.2009.215n76, waiting 5s before retry 1
2025-07-01 20:49:21 [WARNING] downloader.core.downloaders.openaccess: Failed to download 10.1001/archinternmed.2009.215n76: Paper not found in CORE database
2025-07-01 20:49:32 [WARNING] downloader.core.downloaders.openaccess: Server error for 10.1001/archinternmed.2009.387n112, waiting 5s before retry 1
2025-07-01 20:49:38 [INFO] downloader.core.downloaders.openaccess: Starting download from /Users/matiasrodlo/Documents/github/science-downloader/data/uploads/cleaned_dois.txt to /Users/matiasrodlo/Downloads/papers-cleaned
2025-07-01 20:49:38 [WARNING] downloader.core.downloaders.openaccess: Rate limit hit for 10.1001/2013.jamainternmed.30, waiting 10s before retry 1
2025-07-01 20:49:40 [WARNING] downloader.core.downloaders.openaccess: Rate limit hit for 10.1001/archinternmed.2009.387n112, waiting 20s before retry 2
2025-07-01 20:49:49 [WARNING] downloader.core.downloaders.openaccess: Rate limit hit for 10.1001/2013.jamainternmed.30, waiting 20s before retry 2
2025-07-01 20:50:01 [WARNING] downloader.core.downloaders.openaccess: Rate limit hit for 10.1001/archinternmed.2009.387n112, waiting 40s before retry 3
2025-07-01 20:50:10 [WARNING] downloader.core.downloaders.openaccess: Rate limit hit for 10.1001/2013.jamainternmed.30, waiting 40s before retry 3
2025-07-01 20:50:42 [WARNING] downloader.core.downloaders.openaccess: Failed to download 10.1001/archinternmed.2009.387n112: Paper not found in CORE database
2025-07-01 20:50:52 [WARNING] downloader.core.downloaders.openaccess: Server error for 10.1001/archinternmed.2009.387n61, waiting 5s before retry 1
2025-07-01 20:50:52 [WARNING] downloader.core.downloaders.openaccess: Failed to download 10.1001/2013.jamainternmed.30: Server error after 3 retries
2025-07-01 20:50:58 [WARNING] downloader.core.downloaders.openaccess: Failed to download 10.1001/archinternmed.2009.387n61: Paper not found in CORE database
2025-07-01 20:51:06 [WARNING] downloader.core.downloaders.openaccess: Rate limit hit for 10.1001/2013.jamainternmed.56, waiting 10s before retry 1
2025-07-01 20:51:07 [WARNING] downloader.core.downloaders.openaccess: Rate limit hit for 10.1001/archinternmed.2009.412n35, waiting 10s before retry 1
2025-07-01 20:51:16 [WARNING] downloader.core.downloaders.openaccess: Rate limit hit for 10.1001/2013.jamainternmed.56, waiting 20s before retry 2
2025-07-01 20:51:17 [WARNING] downloader.core.downloaders.openaccess: Rate limit hit for 10.1001/archinternmed.2009.412n35, waiting 20s before retry 2
2025-07-01 20:51:37 [WARNING] downloader.core.downloaders.openaccess: Rate limit hit for 10.1001/2013.jamainternmed.56, waiting 40s before retry 3
2025-07-01 20:51:38 [WARNING] downloader.core.downloaders.openaccess: Rate limit hit for 10.1001/archinternmed.2009.412n35, waiting 40s before retry 3
2025-07-01 20:52:19 [WARNING] downloader.core.downloaders.openaccess: Failed to download 10.1001/archinternmed.2009.412n35: Paper not found in CORE database
2025-07-01 20:52:20 [WARNING] downloader.core.downloaders.openaccess: Failed to download 10.1001/2013.jamainternmed.56: Paper found but no downloadable PDF available
2025-07-01 20:52:29 [WARNING] downloader.core.downloaders.openaccess: Server error for 10.1001/archinternmed.2009.536, waiting 5s before retry 1
2025-07-01 20:52:30 [WARNING] downloader.core.downloaders.openaccess: Failed to download 10.1001/2013.jamainternmed.987: Paper found but no downloadable PDF available
2025-07-01 20:52:35 [WARNING] downloader.core.downloaders.openaccess: Rate limit hit for 10.1001/archinternmed.2009.536, waiting 20s before retry 2
2025-07-01 20:52:38 [WARNING] downloader.core.downloaders.openaccess: Rate limit hit for 10.1001/archderm.140.6.667, waiting 10s before retry 1
2025-07-01 20:52:49 [WARNING] downloader.core.downloaders.openaccess: Rate limit hit for 10.1001/archderm.140.6.667, waiting 20s before retry 2
2025-07-01 20:52:56 [WARNING] downloader.core.downloaders.openaccess: Rate limit hit for 10.1001/archinternmed.2009.536, waiting 40s before retry 3
2025-07-01 20:53:09 [WARNING] downloader.core.downloaders.openaccess: Rate limit hit for 10.1001/archderm.140.6.667, waiting 40s before retry 3
2025-07-01 20:53:39 [WARNING] downloader.core.downloaders.openaccess: Failed to download 10.1001/archinternmed.2009.536: Server error after 3 retries
2025-07-01 20:53:55 [WARNING] downloader.core.downloaders.openaccess: Failed to download 10.1001/archinternmed.2009.536.n6: Paper not found in CORE database
2025-07-01 20:53:55 [WARNING] downloader.core.downloaders.openaccess: Failed to download 10.1001/archderm.140.6.667: Server error after 3 retries
2025-07-01 20:54:07 [WARNING] downloader.core.downloaders.openaccess: Failed to download 10.1001/archdermatol.2011.272: Paper found but no downloadable PDF available
2025-07-01 20:54:08 [WARNING] downloader.core.downloaders.openaccess: Failed to download 10.1001/archinternmed.2009.536nDe: Paper not found in CORE database
2025-07-01 20:54:16 [WARNING] downloader.core.downloaders.openaccess: Rate limit hit for 10.1001/archinternmed.2010.522n77, waiting 10s before retry 1
2025-07-01 20:54:20 [WARNING] downloader.core.downloaders.openaccess: Rate limit hit for 10.1001/archgenpsychiatry.2011.2016, waiting 10s before retry 1
2025-07-01 20:54:27 [WARNING] downloader.core.downloaders.openaccess: Rate limit hit for 10.1001/archinternmed.2010.522n77, waiting 20s before retry 2
2025-07-01 20:54:31 [WARNING] downloader.core.downloaders.openaccess: Rate limit hit for 10.1001/archgenpsychiatry.2011.2016, waiting 20s before retry 2
2025-07-01 20:54:48 [WARNING] downloader.core.downloaders.openaccess: Rate limit hit for 10.1001/archinternmed.2010.522n77, waiting 40s before retry 3
2025-07-01 20:54:52 [WARNING] downloader.core.downloaders.openaccess: Rate limit hit for 10.1001/archgenpsychiatry.2011.2016, waiting 40s before retry 3
2025-07-01 20:55:29 [WARNING] downloader.core.downloaders.openaccess: Failed to download 10.1001/archinternmed.2010.522n77: Paper not found in CORE database
2025-07-01 20:55:33 [WARNING] downloader.core.downloaders.openaccess: Failed to download 10.1001/archgenpsychiatry.2011.2016: Paper found but no downloadable PDF available
2025-07-01 20:55:38 [WARNING] downloader.core.downloaders.openaccess: Failed to download 10.1001/archinternmed.2011.1972n107: Paper not found in CORE database
2025-07-01 20:55:45 [WARNING] downloader.core.downloaders.openaccess: Failed to download 10.1001/archinte.160.11.1621: Paper found but no downloadable PDF available
2025-07-01 20:55:50 [WARNING] downloader.core.downloaders.openaccess: Rate limit hit for 10.1001/archinternmed.2011.275n81, waiting 10s before retry 1
2025-07-01 20:55:54 [WARNING] downloader.core.downloaders.openaccess: Rate limit hit for 10.1001/archinte.160.13.1947, waiting 10s before retry 1
2025-07-01 20:56:01 [WARNING] downloader.core.downloaders.openaccess: Rate limit hit for 10.1001/archinternmed.2011.275n81, waiting 20s before retry 2
2025-07-01 20:56:05 [WARNING] downloader.core.downloaders.openaccess: Rate limit hit for 10.1001/archinte.160.13.1947, waiting 20s before retry 2
2025-07-01 20:56:22 [WARNING] downloader.core.downloaders.openaccess: Rate limit hit for 10.1001/archinternmed.2011.275n81, waiting 40s before retry 3
2025-07-01 20:56:25 [WARNING] downloader.core.downloaders.openaccess: Rate limit hit for 10.1001/archinte.160.13.1947, waiting 40s before retry 3
2025-07-01 21:00:42 [INFO] __main__: Starting Science Downloader web application
2025-07-01 21:00:42 [INFO] __main__: Data directory: /Users/matiasrodlo/Documents/github/science-downloader/data
2025-07-01 21:00:42 [INFO] __main__: Version: 2.0.0
2025-07-01 21:00:42 [INFO] __main__: Using port: 5000
2025-07-01 21:01:15 [INFO] downloader.core.downloaders.openaccess: Starting download from /Users/matiasrodlo/Documents/github/science-downloader/data/uploads/cleaned_dois.txt to /Users/matiasrodlo/Downloads/papers-testing2
2025-07-01 21:01:21 [WARNING] downloader.core.downloaders.openaccess: Server error for 10.1371/journal.pone.0287886, waiting 5s before retry 1
2025-07-01 21:01:28 [WARNING] downloader.core.downloaders.openaccess: Failed to download 10.1371/journal.pone.0287886: Paper found but no downloadable PDF available
2025-07-01 21:01:39 [WARNING] downloader.core.downloaders.openaccess: Server error for 10.1038/s41586-020-2649-2, waiting 5s before retry 1
2025-07-01 21:01:45 [WARNING] downloader.core.downloaders.openaccess: Failed to download 10.1038/s41586-020-2649-2: Paper found but no downloadable PDF available
2025-07-01 21:01:55 [WARNING] downloader.core.downloaders.openaccess: Rate limit hit for 10.7717/peerj.4375, waiting 10s before retry 1
2025-07-01 21:02:05 [WARNING] downloader.core.downloaders.openaccess: Rate limit hit for 10.7717/peerj.4375, waiting 20s before retry 2
2025-07-01 21:02:26 [WARNING] downloader.core.downloaders.openaccess: Rate limit hit for 10.7717/peerj.4375, waiting 40s before retry 3
2025-07-01 21:03:11 [INFO] downloader.core.downloaders.openaccess: Downloaded: 10.7717/peerj.4375
2025-07-01 21:03:20 [WARNING] downloader.core.downloaders.openaccess: Failed to download 10.1186/s12916-020-01766-z: Paper not found in CORE database
2025-07-01 21:03:29 [WARNING] downloader.core.downloaders.openaccess: Failed to download 10.3390/sym13020161: Paper found but no downloadable PDF available
2025-07-01 21:03:39 [WARNING] downloader.core.downloaders.openaccess: Server error for 10.21105/joss.03272, waiting 5s before retry 1
2025-07-01 21:03:45 [WARNING] downloader.core.downloaders.openaccess: Rate limit hit for 10.21105/joss.03272, waiting 20s before retry 2
2025-07-01 21:04:06 [WARNING] downloader.core.downloaders.openaccess: Rate limit hit for 10.21105/joss.03272, waiting 40s before retry 3
2025-07-01 21:04:47 [WARNING] downloader.core.downloaders.openaccess: Failed to download 10.21105/joss.03272: Paper found but no downloadable PDF available
2025-07-01 21:04:56 [WARNING] downloader.core.downloaders.openaccess: Failed to download 10.1109/access.2020.2965435: Paper not found in CORE database
2025-07-01 21:04:58 [INFO] downloader.core.downloaders.openaccess: Download stop requested
2025-07-01 21:05:04 [INFO] downloader.core.downloaders.openaccess: Download completed: {'success': True, 'total_requested': 10, 'downloaded': 1, 'failed': 6, 'skipped': 0}
2025-07-01 21:05:04 [INFO] downloader.web.routes.download: Download completed: {'success': True, 'total_requested': 10, 'downloaded': 1, 'failed': 6, 'skipped': 0}
2025-07-01 21:07:29 [WARNING] BibtexExtractor: Invalid DOI format: 10.1162/tacl\_a\_00300
2025-07-01 21:07:29 [WARNING] BibtexExtractor: Invalid DOI format: 10.1162/tacl\_a\_00343
2025-07-01 21:07:29 [WARNING] BibtexExtractor: Invalid DOI format: 10.1162/tacl\_a\_00290
2025-07-01 21:07:29 [WARNING] BibtexExtractor: Invalid DOI format: 10.1162/tacl\_a\_00288
2025-07-01 21:07:29 [WARNING] BibtexExtractor: Invalid DOI format: 10.1162/qss\_a\_00021
2025-07-01 21:07:29 [INFO] BibtexExtractor: Saved 983 DOIs to /Users/matiasrodlo/Documents/github/ai-open-access.txt
2025-07-01 21:07:29 [INFO] BibtexExtractor: Extraction summary saved to /Users/matiasrodlo/Documents/github/science-downloader/data/extraction_summary.json
2025-07-01 21:07:29 [INFO] BibtexExtractor: Extracted 983 unique DOIs from 983 total DOIs in BibTeX file
2025-07-01 21:08:31 [INFO] downloader.core.downloaders.openaccess: Starting download from /Users/matiasrodlo/Documents/github/science-downloader/data/uploads/ai-open-access.txt to /Users/matiasrodlo/Downloads/papers-open-frontier
2025-07-01 21:08:31 [INFO] downloader.core.downloaders.openaccess: Skipping already downloaded DOI: 10.1038/nature13480
2025-07-01 21:08:31 [INFO] downloader.core.downloaders.openaccess: Skipping already downloaded DOI: 10.1016/j.inffus.2019.12.012
2025-07-01 21:08:36 [WARNING] downloader.core.downloaders.openaccess: Failed to download 10.1109/TPAMI.2016.2577031: Paper not found in CORE database
2025-07-01 21:08:47 [WARNING] downloader.core.downloaders.openaccess: Failed to download 10.1109/CVPR.2017.243: Paper not found in CORE database
2025-07-01 21:09:01 [WARNING] downloader.core.downloaders.openaccess: Server error for 10.1109/CVPR.2016.91, waiting 5s before retry 1
2025-07-01 21:09:13 [WARNING] downloader.core.downloaders.openaccess: Server error for 10.1109/CVPR.2016.91, waiting 5s before retry 2
2025-07-01 21:09:20 [WARNING] downloader.core.downloaders.openaccess: Rate limit hit for 10.1109/CVPR.2016.91, waiting 40s before retry 3
2025-07-01 21:10:01 [WARNING] downloader.core.downloaders.openaccess: Failed to download 10.1109/CVPR.2016.91: Rate limit exceeded after 3 retries
2025-07-01 21:10:10 [WARNING] downloader.core.downloaders.openaccess: Rate limit hit for 10.1109/CVPR.2017.106, waiting 10s before retry 1
2025-07-01 21:10:23 [WARNING] downloader.core.downloaders.openaccess: Server error for 10.1109/CVPR.2017.106, waiting 5s before retry 2
2025-07-01 21:10:35 [WARNING] downloader.core.downloaders.openaccess: Server error for 10.1109/CVPR.2017.106, waiting 5s before retry 3
2025-07-01 21:10:55 [WARNING] downloader.core.downloaders.openaccess: Failed to download 10.1109/CVPR.2017.106: Server error after 3 retries
2025-07-01 21:11:07 [WARNING] downloader.core.downloaders.openaccess: Server error for 10.1109/ICCV.2017.244, waiting 5s before retry 1
2025-07-01 21:11:18 [WARNING] downloader.core.downloaders.openaccess: Rate limit hit for 10.1109/ICCV.2017.244, waiting 20s before retry 2
2025-07-01 21:11:39 [WARNING] downloader.core.downloaders.openaccess: Rate limit hit for 10.1109/ICCV.2017.244, waiting 40s before retry 3
2025-07-01 21:12:26 [WARNING] downloader.core.downloaders.openaccess: Failed to download 10.1109/ICCV.2017.244: Server error after 3 retries
2025-07-01 21:12:35 [WARNING] downloader.core.downloaders.openaccess: Failed to download 10.1109/CVPR.2017.632: Paper not found in CORE database
2025-07-01 21:12:47 [WARNING] downloader.core.downloaders.openaccess: Server error for 10.1016/j.neunet.2014.09.003, waiting 5s before retry 1
2025-07-01 21:12:55 [WARNING] downloader.core.downloaders.openaccess: Server error for 10.1016/j.neunet.2014.09.003, waiting 5s before retry 2
2025-07-01 21:13:01 [WARNING] downloader.core.downloaders.openaccess: Rate limit hit for 10.1016/j.neunet.2014.09.003, waiting 40s before retry 3
2025-07-01 21:14:20 [INFO] __main__: Starting Science Downloader web application
2025-07-01 21:14:20 [INFO] __main__: Data directory: /Users/matiasrodlo/Documents/github/science-downloader/data
2025-07-01 21:14:20 [INFO] __main__: Version: 2.0.0
2025-07-01 21:14:20 [INFO] __main__: Using port: 5000
2025-07-01 21:14:28 [INFO] __main__: Starting Science Downloader web application
2025-07-01 21:14:28 [INFO] __main__: Data directory: /Users/matiasrodlo/Documents/github/science-downloader/data
2025-07-01 21:14:28 [INFO] __main__: Version: 2.0.0
2025-07-01 21:14:28 [INFO] __main__: Using port: 5001
2025-07-01 21:34:34 [INFO] __main__: Starting Science Downloader web application
2025-07-01 21:34:34 [INFO] __main__: Data directory: /Users/matiasrodlo/Documents/github/science-downloader/data
2025-07-01 21:34:34 [INFO] __main__: Version: 2.0.0
2025-07-01 21:34:34 [INFO] __main__: Using port: 5000
2025-07-01 21:35:02 [INFO] downloader.core.downloaders.openaccess: Starting download from /Users/matiasrodlo/Documents/github/science-downloader/data/uploads/test_arxiv_dois.txt to /Users/matiasrodlo/Downloads/papers-arxiv
2025-07-01 21:35:10 [WARNING] downloader.core.downloaders.openaccess: Server error for 10.48550/arXiv.2301.07041, waiting 5s before retry 1
2025-07-01 21:35:16 [WARNING] downloader.core.downloaders.openaccess: Server error for 10.48550/arXiv.2301.07041, waiting 5s before retry 2
2025-07-01 21:35:26 [WARNING] downloader.core.downloaders.openaccess: Server error for 10.48550/arXiv.2301.07041, waiting 5s before retry 3
2025-07-01 21:35:35 [INFO] downloader.core.downloaders.openaccess: CORE failed for 10.48550/arXiv.2301.07041: Server error after 3 retries. Trying arXiv...
2025-07-01 21:35:35 [WARNING] downloader.core.downloaders.openaccess: Failed to download 10.48550/arXiv.2301.07041: Both sources failed - CORE: Server error after 3 retries; arXiv: Paper not found in arXiv
2025-07-01 21:35:45 [WARNING] downloader.core.downloaders.openaccess: Rate limit hit for 10.48550/arXiv.2106.09685, waiting 10s before retry 1
2025-07-01 21:35:56 [WARNING] downloader.core.downloaders.openaccess: Rate limit hit for 10.48550/arXiv.2106.09685, waiting 20s before retry 2
2025-07-01 21:36:17 [WARNING] downloader.core.downloaders.openaccess: Rate limit hit for 10.48550/arXiv.2106.09685, waiting 40s before retry 3
2025-07-01 21:36:58 [INFO] downloader.core.downloaders.openaccess: CORE failed for 10.48550/arXiv.2106.09685: Paper not found in CORE database. Trying arXiv...
2025-07-01 21:36:58 [WARNING] downloader.core.downloaders.openaccess: Failed to download 10.48550/arXiv.2106.09685: Both sources failed - CORE: Paper not found in CORE database; arXiv: Paper not found in arXiv
2025-07-01 21:37:09 [INFO] downloader.core.downloaders.openaccess: CORE failed for 10.48550/arXiv.2203.11171: Paper not found in CORE database. Trying arXiv...
2025-07-01 21:37:10 [WARNING] downloader.core.downloaders.openaccess: Failed to download 10.48550/arXiv.2203.11171: Both sources failed - CORE: Paper not found in CORE database; arXiv: Paper not found in arXiv
2025-07-01 21:37:19 [INFO] downloader.core.downloaders.openaccess: CORE failed for 10.1145/3580305.3599256: Paper not found in CORE database. Trying arXiv...
2025-07-01 21:37:19 [WARNING] downloader.core.downloaders.openaccess: Failed to download 10.1145/3580305.3599256: Both sources failed - CORE: Paper not found in CORE database; arXiv: Paper not found in arXiv
2025-07-01 21:37:28 [WARNING] downloader.core.downloaders.openaccess: Server error for 10.1145/3578503.3583624, waiting 5s before retry 1
2025-07-01 21:37:36 [WARNING] downloader.core.downloaders.openaccess: Rate limit hit for 10.1145/3578503.3583624, waiting 20s before retry 2
2025-07-01 21:37:57 [WARNING] downloader.core.downloaders.openaccess: Rate limit hit for 10.1145/3578503.3583624, waiting 40s before retry 3
2025-07-01 21:38:38 [INFO] downloader.core.downloaders.openaccess: CORE failed for 10.1145/3578503.3583624: Paper not found in CORE database. Trying arXiv...
2025-07-01 21:38:39 [WARNING] downloader.core.downloaders.openaccess: Failed to download 10.1145/3578503.3583624: Both sources failed - CORE: Paper not found in CORE database; arXiv: Paper not found in arXiv
2025-07-01 21:38:48 [WARNING] downloader.core.downloaders.openaccess: Server error for 10.1109/ICCV48922.2021.01394, waiting 5s before retry 1
2025-07-01 21:38:57 [WARNING] downloader.core.downloaders.openaccess: Server error for 10.1109/ICCV48922.2021.01394, waiting 5s before retry 2
2025-07-01 21:39:03 [WARNING] downloader.core.downloaders.openaccess: Server error for 10.1109/ICCV48922.2021.01394, waiting 5s before retry 3
2025-07-01 21:39:12 [INFO] downloader.core.downloaders.openaccess: CORE failed for 10.1109/ICCV48922.2021.01394: Rate limit exceeded after 3 retries. Trying arXiv...
2025-07-01 21:39:12 [WARNING] downloader.core.downloaders.openaccess: Failed to download 10.1109/ICCV48922.2021.01394: Both sources failed - CORE: Rate limit exceeded after 3 retries; arXiv: Paper not found in arXiv
2025-07-01 21:39:21 [WARNING] downloader.core.downloaders.openaccess: Rate limit hit for 10.1007/s10994-021-06120-9, waiting 10s before retry 1
2025-07-01 21:39:31 [WARNING] downloader.core.downloaders.openaccess: Rate limit hit for 10.1007/s10994-021-06120-9, waiting 20s before retry 2
2025-07-01 21:39:52 [WARNING] downloader.core.downloaders.openaccess: Rate limit hit for 10.1007/s10994-021-06120-9, waiting 40s before retry 3
2025-07-01 21:40:35 [INFO] downloader.core.downloaders.openaccess: CORE failed for 10.1007/s10994-021-06120-9: Paper not found in CORE database. Trying arXiv...
2025-07-01 21:40:35 [WARNING] downloader.core.downloaders.openaccess: Failed to download 10.1007/s10994-021-06120-9: Both sources failed - CORE: Paper not found in CORE database; arXiv: Paper not found in arXiv
2025-07-01 21:40:47 [WARNING] downloader.core.downloaders.openaccess: Server error for 10.1016/j.artint.2023.103865, waiting 5s before retry 1
2025-07-01 21:41:00 [INFO] __main__: Starting Science Downloader web application
2025-07-01 21:41:00 [INFO] __main__: Data directory: /Users/matiasrodlo/Documents/github/science-downloader/data
2025-07-01 21:41:00 [INFO] __main__: Version: 2.0.0
2025-07-01 21:41:00 [INFO] __main__: Using port: 5000
2025-07-01 21:42:44 [INFO] downloader.core.downloaders.openaccess: Starting download from /Users/matiasrodlo/Documents/github/science-downloader/data/uploads/test_arxiv_dois.txt to /Users/matiasrodlo/Downloads/arxiv-dois
2025-07-01 21:42:45 [INFO] downloader.core.downloaders.openaccess: CORE failed for 10.48550/arXiv.2301.07041: Paper not found in CORE database. Trying arXiv...
2025-07-01 21:42:45 [INFO] downloader.core.downloaders.openaccess: Searching arXiv for 10.48550/arXiv.2301.07041 with query: id:2301.07041
2025-07-01 21:42:45 [INFO] downloader.core.downloaders.openaccess: Downloaded: 10.48550/arXiv.2301.07041
2025-07-01 21:42:57 [INFO] downloader.core.downloaders.openaccess: CORE failed for 10.48550/arXiv.2106.09685: Paper not found in CORE database. Trying arXiv...
2025-07-01 21:42:57 [INFO] downloader.core.downloaders.openaccess: Searching arXiv for 10.48550/arXiv.2106.09685 with query: id:2106.09685
2025-07-01 21:42:57 [INFO] downloader.core.downloaders.openaccess: Downloaded: 10.48550/arXiv.2106.09685
2025-07-01 21:43:10 [WARNING] downloader.core.downloaders.openaccess: Server error for 10.48550/arXiv.2203.11171, waiting 5s before retry 1
2025-07-01 21:43:17 [INFO] downloader.core.downloaders.openaccess: CORE failed for 10.48550/arXiv.2203.11171: Paper not found in CORE database. Trying arXiv...
2025-07-01 21:43:17 [INFO] downloader.core.downloaders.openaccess: Searching arXiv for 10.48550/arXiv.2203.11171 with query: id:2203.11171
2025-07-01 21:43:19 [INFO] downloader.core.downloaders.openaccess: Downloaded: 10.48550/arXiv.2203.11171
2025-07-01 21:43:28 [WARNING] downloader.core.downloaders.openaccess: Rate limit hit for 10.1145/3580305.3599256, waiting 10s before retry 1
2025-07-01 21:43:39 [WARNING] downloader.core.downloaders.openaccess: Rate limit hit for 10.1145/3580305.3599256, waiting 20s before retry 2
2025-07-01 21:44:00 [WARNING] downloader.core.downloaders.openaccess: Rate limit hit for 10.1145/3580305.3599256, waiting 40s before retry 3
2025-07-01 21:44:41 [INFO] downloader.core.downloaders.openaccess: CORE failed for 10.1145/3580305.3599256: Paper not found in CORE database. Trying arXiv...
2025-07-01 21:44:41 [INFO] downloader.core.downloaders.openaccess: Searching arXiv for 10.1145/3580305.3599256 with query: doi:10.1145/3580305.3599256
2025-07-01 21:44:41 [WARNING] downloader.core.downloaders.openaccess: Failed to download 10.1145/3580305.3599256: Both sources failed - CORE: Paper not found in CORE database; arXiv: Paper not found in arXiv (searched: doi:10.1145/3580305.3599256)
2025-07-01 21:44:50 [INFO] downloader.core.downloaders.openaccess: CORE failed for 10.1145/3578503.3583624: Paper not found in CORE database. Trying arXiv...
2025-07-01 21:44:50 [INFO] downloader.core.downloaders.openaccess: Searching arXiv for 10.1145/3578503.3583624 with query: doi:10.1145/3578503.3583624
2025-07-01 21:44:50 [WARNING] downloader.core.downloaders.openaccess: Failed to download 10.1145/3578503.3583624: Both sources failed - CORE: Paper not found in CORE database; arXiv: Paper not found in arXiv (searched: doi:10.1145/3578503.3583624)
2025-07-01 21:44:59 [INFO] downloader.core.downloaders.openaccess: CORE failed for 10.1109/ICCV48922.2021.01394: Paper not found in CORE database. Trying arXiv...
2025-07-01 21:44:59 [INFO] downloader.core.downloaders.openaccess: Searching arXiv for 10.1109/ICCV48922.2021.01394 with query: doi:10.1109/ICCV48922.2021.01394
2025-07-01 21:44:59 [WARNING] downloader.core.downloaders.openaccess: Failed to download 10.1109/ICCV48922.2021.01394: Both sources failed - CORE: Paper not found in CORE database; arXiv: Paper not found in arXiv (searched: doi:10.1109/ICCV48922.2021.01394)
2025-07-01 21:45:13 [INFO] downloader.core.downloaders.openaccess: CORE failed for 10.1007/s10994-021-06120-9: Paper not found in CORE database. Trying arXiv...
2025-07-01 21:45:13 [INFO] downloader.core.downloaders.openaccess: Searching arXiv for 10.1007/s10994-021-06120-9 with query: doi:10.1007/s10994-021-06120-9
2025-07-01 21:45:13 [WARNING] downloader.core.downloaders.openaccess: Failed to download 10.1007/s10994-021-06120-9: Both sources failed - CORE: Paper not found in CORE database; arXiv: Paper not found in arXiv (searched: doi:10.1007/s10994-021-06120-9)
2025-07-01 21:45:24 [WARNING] downloader.core.downloaders.openaccess: Rate limit hit for 10.1016/j.artint.2023.103865, waiting 10s before retry 1
2025-07-01 21:45:35 [WARNING] downloader.core.downloaders.openaccess: Rate limit hit for 10.1016/j.artint.2023.103865, waiting 20s before retry 2
2025-07-01 21:45:55 [WARNING] downloader.core.downloaders.openaccess: Rate limit hit for 10.1016/j.artint.2023.103865, waiting 40s before retry 3
2025-07-01 21:46:41 [INFO] downloader.core.downloaders.openaccess: CORE failed for 10.1016/j.artint.2023.103865: Server error after 3 retries. Trying arXiv...
2025-07-01 21:46:41 [INFO] downloader.core.downloaders.openaccess: Searching arXiv for 10.1016/j.artint.2023.103865 with query: doi:10.1016/j.artint.2023.103865
2025-07-01 21:46:41 [WARNING] downloader.core.downloaders.openaccess: Failed to download 10.1016/j.artint.2023.103865: Both sources failed - CORE: Server error after 3 retries; arXiv: Paper not found in arXiv (searched: doi:10.1016/j.artint.2023.103865)
2025-07-01 21:46:51 [INFO] downloader.core.downloaders.openaccess: CORE failed for 10.1609/aaai.v37i1.25070: Paper found but no downloadable PDF available. Trying arXiv...
2025-07-01 21:46:51 [INFO] downloader.core.downloaders.openaccess: Searching arXiv for 10.1609/aaai.v37i1.25070 with query: doi:10.1609/aaai.v37i1.25070
2025-07-01 21:46:52 [WARNING] downloader.core.downloaders.openaccess: Failed to download 10.1609/aaai.v37i1.25070: Both sources failed - CORE: Paper found but no downloadable PDF available; arXiv: Paper not found in arXiv (searched: doi:10.1609/aaai.v37i1.25070)
2025-07-01 21:46:52 [INFO] downloader.core.downloaders.openaccess: Download completed: {'success': True, 'total_requested': 9, 'downloaded': 3, 'failed': 6, 'skipped': 0}
2025-07-01 21:46:52 [INFO] downloader.web.routes.download: Download completed: {'success': True, 'total_requested': 9, 'downloaded': 3, 'failed': 6, 'skipped': 0}
2025-07-01 21:53:22 [INFO] __main__: Starting Science Downloader web application
2025-07-01 21:53:22 [INFO] __main__: Data directory: /Users/matiasrodlo/Documents/github/science-downloader/data
2025-07-01 21:53:22 [INFO] __main__: Version: 2.0.0
2025-07-01 21:53:22 [INFO] __main__: Using port: 5001
2025-07-01 21:53:55 [INFO] downloader.core.downloaders.openaccess: Searching NCBI for 10.1038/nature12373
2025-07-01 21:53:55 [INFO] downloader.core.downloaders.openaccess: Found PMID 23903748 for DOI 10.1038/nature12373
2025-07-01 21:54:24 [INFO] __main__: Starting Science Downloader web application
2025-07-01 21:54:24 [INFO] __main__: Data directory: /Users/matiasrodlo/Documents/github/science-downloader/data
2025-07-01 21:54:24 [INFO] __main__: Version: 2.0.0
2025-07-01 21:54:24 [INFO] __main__: Using port: 5002
2025-07-01 22:15:26 [INFO] downloader.core.downloaders.openaccess: Searching Europe PMC for 10.1371/journal.pone.0123456
2025-07-01 22:15:29 [INFO] downloader.core.downloaders.openaccess: Found 1 results in Europe PMC for DOI 10.1371/journal.pone.0123456
2025-07-01 22:15:54 [INFO] __main__: Starting Science Downloader web application
2025-07-01 22:15:54 [INFO] __main__: Data directory: /Users/matiasrodlo/Documents/github/science-downloader/data
2025-07-01 22:15:54 [INFO] __main__: Version: 2.0.0
2025-07-01 22:15:54 [INFO] __main__: Using port: 5002
